2015-04-10 15:59:37.505 HelloCordova[6474:465396] DiskCookieStorage changing policy from 2 to 0, cookie file: file:///Users/xinpan/Library/Developer/CoreSimulator/Devices/7C6AE31C-1B0E-4EEF-BD49-6CD754F9DFA2/data/Containers/Data/Application/3B04B2EA-2B97-4BB1-BF4F-73C273978E42/Library/Cookies/Cookies.binarycookies
2015-04-10 15:59:37.704 HelloCordova[6474:465396] Apache Cordova native platform version 3.8.0 is starting.
2015-04-10 15:59:37.704 HelloCordova[6474:465396] Multi-tasking -> Device: YES, App: YES
2015-04-10 15:59:37.715 HelloCordova[6474:465396] Unlimited access to network resources
2015-04-10 15:59:37.723 HelloCordova[6474:465396] 

Started backup to iCloud! Please be careful.
Your application might be rejected by Apple if you store too much data.
For more information please read "iOS Data Storage Guidelines" at:
https://developer.apple.com/icloud/documentation/data-storage/
To disable web storage backup to iCloud, set the BackupWebStorage preference to "local" in the Cordova config.xml file

2015-04-10 15:59:38.703 HelloCordova[6474:465396] Resetting plugins due to page load.
2015-04-10 15:59:38.840 HelloCordova[6474:465396] Finished load of: file:///Users/xinpan/Library/Developer/CoreSimulator/Devices/7C6AE31C-1B0E-4EEF-BD49-6CD754F9DFA2/data/Containers/Bundle/Application/88B77EB7-500C-498C-8D9C-3831E8171A3E/HelloCordova.app/www/index.html
2015-04-10 16:28:15.064 HelloCordova[6629:475835] DiskCookieStorage changing policy from 2 to 0, cookie file: file:///Users/xinpan/Library/Developer/CoreSimulator/Devices/7C6AE31C-1B0E-4EEF-BD49-6CD754F9DFA2/data/Containers/Data/Application/4CF560DD-26F3-4DFE-AC10-132C5D0C9C0E/Library/Cookies/Cookies.binarycookies
2015-04-10 16:28:15.126 HelloCordova[6629:475835] Apache Cordova native platform version 3.8.0 is starting.
2015-04-10 16:28:15.126 HelloCordova[6629:475835] Multi-tasking -> Device: YES, App: YES
2015-04-10 16:28:15.127 HelloCordova[6629:475835] Unlimited access to network resources
2015-04-10 16:28:15.129 HelloCordova[6629:475835] 

Started backup to iCloud! Please be careful.
Your application might be rejected by Apple if you store too much data.
For more information please read "iOS Data Storage Guidelines" at:
https://developer.apple.com/icloud/documentation/data-storage/
To disable web storage backup to iCloud, set the BackupWebStorage preference to "local" in the Cordova config.xml file

2015-04-10 16:28:15.316 HelloCordova[6629:475835] Resetting plugins due to page load.
2015-04-10 16:28:15.350 HelloCordova[6629:475835] Finished load of: file:///Users/xinpan/Library/Developer/CoreSimulator/Devices/7C6AE31C-1B0E-4EEF-BD49-6CD754F9DFA2/data/Containers/Bundle/Application/8A129E52-925F-45FB-BA33-4EE326CB612D/HelloCordova.app/www/index.html
2015-04-15 16:33:45.171 HelloCordova[14627:1055673] DiskCookieStorage changing policy from 2 to 0, cookie file: file:///Users/xinpan/Library/Developer/CoreSimulator/Devices/7C6AE31C-1B0E-4EEF-BD49-6CD754F9DFA2/data/Containers/Data/Application/16292194-3F65-4FD8-8733-0A49816DB6A4/Library/Cookies/Cookies.binarycookies
2015-04-15 16:33:45.367 HelloCordova[14627:1055673] Apache Cordova native platform version 3.8.0 is starting.
2015-04-15 16:33:45.367 HelloCordova[14627:1055673] Multi-tasking -> Device: YES, App: YES
2015-04-15 16:33:45.385 HelloCordova[14627:1055673] Unlimited access to network resources
2015-04-15 16:33:45.393 HelloCordova[14627:1055673] 

Started backup to iCloud! Please be careful.
Your application might be rejected by Apple if you store too much data.
For more information please read "iOS Data Storage Guidelines" at:
https://developer.apple.com/icloud/documentation/data-storage/
To disable web storage backup to iCloud, set the BackupWebStorage preference to "local" in the Cordova config.xml file

2015-04-15 16:33:45.860 HelloCordova[14627:1055673] Resetting plugins due to page load.
2015-04-15 16:33:46.275 HelloCordova[14627:1055673] Finished load of: file:///Users/xinpan/Library/Developer/CoreSimulator/Devices/7C6AE31C-1B0E-4EEF-BD49-6CD754F9DFA2/data/Containers/Bundle/Application/79BB8BEC-5C56-4166-8C7C-C67E2F74394B/HelloCordova.app/www/index.html
2015-04-15 16:35:24.871 HelloCordova[14740:1056926] DiskCookieStorage changing policy from 2 to 0, cookie file: file:///Users/xinpan/Library/Developer/CoreSimulator/Devices/7C6AE31C-1B0E-4EEF-BD49-6CD754F9DFA2/data/Containers/Data/Application/FAC399C7-4CB4-49D6-9094-C5EE499B4B57/Library/Cookies/Cookies.binarycookies
2015-04-15 16:35:24.935 HelloCordova[14740:1056926] Apache Cordova native platform version 3.8.0 is starting.
2015-04-15 16:35:24.935 HelloCordova[14740:1056926] Multi-tasking -> Device: YES, App: YES
2015-04-15 16:35:24.936 HelloCordova[14740:1056926] Unlimited access to network resources
2015-04-15 16:35:24.938 HelloCordova[14740:1056926] 

Started backup to iCloud! Please be careful.
Your application might be rejected by Apple if you store too much data.
For more information please read "iOS Data Storage Guidelines" at:
https://developer.apple.com/icloud/documentation/data-storage/
To disable web storage backup to iCloud, set the BackupWebStorage preference to "local" in the Cordova config.xml file

2015-04-15 16:35:25.113 HelloCordova[14740:1056926] Resetting plugins due to page load.
2015-04-15 16:35:25.164 HelloCordova[14740:1056926] Finished load of: file:///Users/xinpan/Library/Developer/CoreSimulator/Devices/7C6AE31C-1B0E-4EEF-BD49-6CD754F9DFA2/data/Containers/Bundle/Application/AE8D8DB7-DB35-47E3-9C3C-83514B62E842/HelloCordova.app/www/index.html
2015-04-15 23:17:17.172 HelloCordova[15907:1141168] DiskCookieStorage changing policy from 2 to 0, cookie file: file:///Users/xinpan/Library/Developer/CoreSimulator/Devices/7C6AE31C-1B0E-4EEF-BD49-6CD754F9DFA2/data/Containers/Data/Application/E660BCC0-097E-4573-9322-0C6BE78B2786/Library/Cookies/Cookies.binarycookies
2015-04-15 23:17:17.250 HelloCordova[15907:1141168] Apache Cordova native platform version 3.8.0 is starting.
2015-04-15 23:17:17.251 HelloCordova[15907:1141168] Multi-tasking -> Device: YES, App: YES
2015-04-15 23:17:17.251 HelloCordova[15907:1141168] Unlimited access to network resources
2015-04-15 23:17:17.254 HelloCordova[15907:1141168] 

Started backup to iCloud! Please be careful.
Your application might be rejected by Apple if you store too much data.
For more information please read "iOS Data Storage Guidelines" at:
https://developer.apple.com/icloud/documentation/data-storage/
To disable web storage backup to iCloud, set the BackupWebStorage preference to "local" in the Cordova config.xml file

2015-04-15 23:17:17.495 HelloCordova[15907:1141168] Resetting plugins due to page load.
2015-04-15 23:17:17.548 HelloCordova[15907:1141168] Finished load of: file:///Users/xinpan/Library/Developer/CoreSimulator/Devices/7C6AE31C-1B0E-4EEF-BD49-6CD754F9DFA2/data/Containers/Bundle/Application/4F6F9994-6661-47BC-88FD-1E23BBA92398/HelloCordova.app/www/index.html
2015-04-15 23:17:52.448 HelloCordova[15907:1141168] -[UIWebView cut:]: unrecognized selector sent to instance 0x7be69b20
2015-04-15 23:17:52.489 HelloCordova[15907:1141168] *** Terminating app due to uncaught exception 'NSInvalidArgumentException', reason: '-[UIWebView cut:]: unrecognized selector sent to instance 0x7be69b20'
*** First throw call stack:
(
	0   CoreFoundation                      0x0020e946 __exceptionPreprocess + 182
	1   libobjc.A.dylib                     0x0235ea97 objc_exception_throw + 44
	2   CoreFoundation                      0x002165c5 -[NSObject(NSObject) doesNotRecognizeSelector:] + 277
	3   CoreFoundation                      0x0015f3e7 ___forwarding___ + 1047
	4   CoreFoundation                      0x0015efae _CF_forwarding_prep_0 + 14
	5   libobjc.A.dylib                     0x02374771 -[NSObject performSelector:withObject:] + 70
	6   UIKit                               0x00a4ec33 -[UICalloutBar buttonPressed:] + 355
	7   libobjc.A.dylib                     0x02374771 -[NSObject performSelector:withObject:] + 70
	8   UIKit                               0x00a4d39a -[UICalloutBarButton fadeAndSendAction] + 91
	9   Foundation                          0x01f61b57 __NSFireDelayedPerform + 423
	10  CoreFoundation                      0x001688d6 __CFRUNLOOP_IS_CALLING_OUT_TO_A_TIMER_CALLBACK_FUNCTION__ + 22
	11  CoreFoundation                      0x0016825d __CFRunLoopDoTimer + 1309
	12  CoreFoundation                      0x001276ba __CFRunLoopRun + 2090
	13  CoreFoundation                      0x00126bcb CFRunLoopRunSpecific + 443
	14  CoreFoundation                      0x001269fb CFRunLoopRunInMode + 123
	15  GraphicsServices                    0x039d724f GSEventRunModal + 192
	16  GraphicsServices                    0x039d708c GSEventRun + 104
	17  UIKit                               0x005c18b6 UIApplicationMain + 1526
	18  HelloCordova                        0x000154fc main + 92
	19  libdyld.dylib                       0x02a34ac9 start + 1
)
libc++abi.dylib: terminating with uncaught exception of type NSException
2015-04-15 23:18:24.660 HelloCordova[15964:1142282] DiskCookieStorage changing policy from 2 to 0, cookie file: file:///Users/xinpan/Library/Developer/CoreSimulator/Devices/7C6AE31C-1B0E-4EEF-BD49-6CD754F9DFA2/data/Containers/Data/Application/4EFFB35C-7167-49C4-A8F4-1A17B2F6589A/Library/Cookies/Cookies.binarycookies
2015-04-15 23:18:24.752 HelloCordova[15964:1142282] Apache Cordova native platform version 3.8.0 is starting.
2015-04-15 23:18:24.752 HelloCordova[15964:1142282] Multi-tasking -> Device: YES, App: YES
2015-04-15 23:18:24.753 HelloCordova[15964:1142282] Unlimited access to network resources
2015-04-15 23:18:24.755 HelloCordova[15964:1142282] 

Started backup to iCloud! Please be careful.
Your application might be rejected by Apple if you store too much data.
For more information please read "iOS Data Storage Guidelines" at:
https://developer.apple.com/icloud/documentation/data-storage/
To disable web storage backup to iCloud, set the BackupWebStorage preference to "local" in the Cordova config.xml file

2015-04-15 23:18:24.980 HelloCordova[15964:1142282] Resetting plugins due to page load.
2015-04-15 23:18:25.035 HelloCordova[15964:1142282] Finished load of: file:///Users/xinpan/Library/Developer/CoreSimulator/Devices/7C6AE31C-1B0E-4EEF-BD49-6CD754F9DFA2/data/Containers/Bundle/Application/7432C01E-F5A0-4830-9AC7-7725F37F4D04/HelloCordova.app/www/index.html
2015-04-15 23:19:11.726 HelloCordova[15964:1142282] Failed to load webpage with error: The URL can’t be shown
2015-04-15 23:21:32.910 HelloCordova[15964:1142282] Failed to load webpage with error: The URL can’t be shown
2015-04-15 23:21:34.654 HelloCordova[15964:1142282] Failed to load webpage with error: The URL can’t be shown
2015-04-15 23:29:31.488 HelloCordova[16103:1146653] DiskCookieStorage changing policy from 2 to 0, cookie file: file:///Users/xinpan/Library/Developer/CoreSimulator/Devices/7C6AE31C-1B0E-4EEF-BD49-6CD754F9DFA2/data/Containers/Data/Application/BBFD4497-0D0B-4AB1-8BE4-E4044F79BB88/Library/Cookies/Cookies.binarycookies
2015-04-15 23:29:31.560 HelloCordova[16103:1146653] Apache Cordova native platform version 3.8.0 is starting.
2015-04-15 23:29:31.560 HelloCordova[16103:1146653] Multi-tasking -> Device: YES, App: YES
2015-04-15 23:29:31.561 HelloCordova[16103:1146653] Unlimited access to network resources
2015-04-15 23:29:31.563 HelloCordova[16103:1146653] 

Started backup to iCloud! Please be careful.
Your application might be rejected by Apple if you store too much data.
For more information please read "iOS Data Storage Guidelines" at:
https://developer.apple.com/icloud/documentation/data-storage/
To disable web storage backup to iCloud, set the BackupWebStorage preference to "local" in the Cordova config.xml file

2015-04-15 23:29:31.787 HelloCordova[16103:1146653] Resetting plugins due to page load.
2015-04-15 23:29:31.841 HelloCordova[16103:1146653] Finished load of: file:///Users/xinpan/Library/Developer/CoreSimulator/Devices/7C6AE31C-1B0E-4EEF-BD49-6CD754F9DFA2/data/Containers/Bundle/Application/BB1AE8E2-2D55-4134-BE1E-FFC886DBDEFD/HelloCordova.app/www/index.html
2015-04-16 17:08:04.859 HelloCordova[23276:1292859] DiskCookieStorage changing policy from 2 to 0, cookie file: file:///Users/xinpan/Library/Developer/CoreSimulator/Devices/7C6AE31C-1B0E-4EEF-BD49-6CD754F9DFA2/data/Containers/Data/Application/D6E2894B-B699-485B-AC78-05291FB5B269/Library/Cookies/Cookies.binarycookies
2015-04-16 17:08:05.051 HelloCordova[23276:1292859] Apache Cordova native platform version 3.8.0 is starting.
2015-04-16 17:08:05.052 HelloCordova[23276:1292859] Multi-tasking -> Device: YES, App: YES
2015-04-16 17:08:05.069 HelloCordova[23276:1292859] Unlimited access to network resources
2015-04-16 17:08:05.077 HelloCordova[23276:1292859] 

Started backup to iCloud! Please be careful.
Your application might be rejected by Apple if you store too much data.
For more information please read "iOS Data Storage Guidelines" at:
https://developer.apple.com/icloud/documentation/data-storage/
To disable web storage backup to iCloud, set the BackupWebStorage preference to "local" in the Cordova config.xml file

2015-04-16 17:08:05.542 HelloCordova[23276:1292859] Resetting plugins due to page load.
2015-04-16 17:08:05.659 HelloCordova[23276:1292859] Finished load of: file:///Users/xinpan/Library/Developer/CoreSimulator/Devices/7C6AE31C-1B0E-4EEF-BD49-6CD754F9DFA2/data/Containers/Bundle/Application/3D590945-34B0-49D0-8379-4F7C461DE110/HelloCordova.app/www/index.html
2015-04-16 17:11:01.928 HelloCordova[23402:1294862] DiskCookieStorage changing policy from 2 to 0, cookie file: file:///Users/xinpan/Library/Developer/CoreSimulator/Devices/7C6AE31C-1B0E-4EEF-BD49-6CD754F9DFA2/data/Containers/Data/Application/6FE8D6AB-CA8E-4473-AF6A-3E95576D4A2D/Library/Cookies/Cookies.binarycookies
2015-04-16 17:11:01.992 HelloCordova[23402:1294862] Apache Cordova native platform version 3.8.0 is starting.
2015-04-16 17:11:01.992 HelloCordova[23402:1294862] Multi-tasking -> Device: YES, App: YES
2015-04-16 17:11:01.993 HelloCordova[23402:1294862] Unlimited access to network resources
2015-04-16 17:11:01.995 HelloCordova[23402:1294862] 

Started backup to iCloud! Please be careful.
Your application might be rejected by Apple if you store too much data.
For more information please read "iOS Data Storage Guidelines" at:
https://developer.apple.com/icloud/documentation/data-storage/
To disable web storage backup to iCloud, set the BackupWebStorage preference to "local" in the Cordova config.xml file

2015-04-16 17:11:02.176 HelloCordova[23402:1294862] Resetting plugins due to page load.
2015-04-16 17:11:02.234 HelloCordova[23402:1294862] Finished load of: file:///Users/xinpan/Library/Developer/CoreSimulator/Devices/7C6AE31C-1B0E-4EEF-BD49-6CD754F9DFA2/data/Containers/Bundle/Application/7FE1AB47-7075-4A0A-BCD3-0CF976451EE3/HelloCordova.app/www/index.html
2015-04-16 17:14:54.698 HelloCordova[23531:1297158] DiskCookieStorage changing policy from 2 to 0, cookie file: file:///Users/xinpan/Library/Developer/CoreSimulator/Devices/7C6AE31C-1B0E-4EEF-BD49-6CD754F9DFA2/data/Containers/Data/Application/0BA3ED6D-7013-4AC0-92EB-D24C8C3D42EF/Library/Cookies/Cookies.binarycookies
2015-04-16 17:14:54.761 HelloCordova[23531:1297158] Apache Cordova native platform version 3.8.0 is starting.
2015-04-16 17:14:54.761 HelloCordova[23531:1297158] Multi-tasking -> Device: YES, App: YES
2015-04-16 17:14:54.762 HelloCordova[23531:1297158] Unlimited access to network resources
2015-04-16 17:14:54.764 HelloCordova[23531:1297158] 

Started backup to iCloud! Please be careful.
Your application might be rejected by Apple if you store too much data.
For more information please read "iOS Data Storage Guidelines" at:
https://developer.apple.com/icloud/documentation/data-storage/
To disable web storage backup to iCloud, set the BackupWebStorage preference to "local" in the Cordova config.xml file

2015-04-16 17:14:54.942 HelloCordova[23531:1297158] Resetting plugins due to page load.
2015-04-16 17:14:54.996 HelloCordova[23531:1297158] Finished load of: file:///Users/xinpan/Library/Developer/CoreSimulator/Devices/7C6AE31C-1B0E-4EEF-BD49-6CD754F9DFA2/data/Containers/Bundle/Application/CDFBE923-7EA2-4BFE-BC78-7FBDFECD98AD/HelloCordova.app/www/index.html
2015-04-16 17:31:43.789 HelloCordova[23806:1305249] DiskCookieStorage changing policy from 2 to 0, cookie file: file:///Users/xinpan/Library/Developer/CoreSimulator/Devices/7C6AE31C-1B0E-4EEF-BD49-6CD754F9DFA2/data/Containers/Data/Application/F493F940-6E34-4F81-B2F0-5AFE823C74B5/Library/Cookies/Cookies.binarycookies
2015-04-16 17:31:43.855 HelloCordova[23806:1305249] Apache Cordova native platform version 3.8.0 is starting.
2015-04-16 17:31:43.855 HelloCordova[23806:1305249] Multi-tasking -> Device: YES, App: YES
2015-04-16 17:31:43.856 HelloCordova[23806:1305249] Unlimited access to network resources
2015-04-16 17:31:43.858 HelloCordova[23806:1305249] 

Started backup to iCloud! Please be careful.
Your application might be rejected by Apple if you store too much data.
For more information please read "iOS Data Storage Guidelines" at:
https://developer.apple.com/icloud/documentation/data-storage/
To disable web storage backup to iCloud, set the BackupWebStorage preference to "local" in the Cordova config.xml file

2015-04-16 17:31:44.040 HelloCordova[23806:1305249] Resetting plugins due to page load.
2015-04-16 17:31:44.095 HelloCordova[23806:1305249] Finished load of: file:///Users/xinpan/Library/Developer/CoreSimulator/Devices/7C6AE31C-1B0E-4EEF-BD49-6CD754F9DFA2/data/Containers/Bundle/Application/96A12035-5ED5-4F31-A30A-F1679849D518/HelloCordova.app/www/index.html
2015-04-17 13:41:38.459 HelloCordova[26240:1462893] DiskCookieStorage changing policy from 2 to 0, cookie file: file:///Users/xinpan/Library/Developer/CoreSimulator/Devices/7C6AE31C-1B0E-4EEF-BD49-6CD754F9DFA2/data/Containers/Data/Application/D33D179F-961F-4CB0-BEC0-2D0A1D0CE4AC/Library/Cookies/Cookies.binarycookies
2015-04-17 13:41:38.656 HelloCordova[26240:1462893] Apache Cordova native platform version 3.8.0 is starting.
2015-04-17 13:41:38.656 HelloCordova[26240:1462893] Multi-tasking -> Device: YES, App: YES
2015-04-17 13:41:38.682 HelloCordova[26240:1462893] Unlimited access to network resources
2015-04-17 13:41:38.691 HelloCordova[26240:1462893] 

Started backup to iCloud! Please be careful.
Your application might be rejected by Apple if you store too much data.
For more information please read "iOS Data Storage Guidelines" at:
https://developer.apple.com/icloud/documentation/data-storage/
To disable web storage backup to iCloud, set the BackupWebStorage preference to "local" in the Cordova config.xml file

2015-04-17 13:41:39.186 HelloCordova[26240:1462893] Resetting plugins due to page load.
2015-04-17 13:41:39.318 HelloCordova[26240:1462893] Finished load of: file:///Users/xinpan/Library/Developer/CoreSimulator/Devices/7C6AE31C-1B0E-4EEF-BD49-6CD754F9DFA2/data/Containers/Bundle/Application/3D14B1DD-E7C1-488F-ABBD-23E66651EC3C/HelloCordova.app/www/index.html
